<html>
<head>
<title>TestNG:  Surefire test</title>
<link href="../testng.css" rel="stylesheet" type="text/css" />
<link href="../my-testng.css" rel="stylesheet" type="text/css" />

<style type="text/css">
.log { display: none;} 
.stack-trace { display: none;} 
</style>
<script type="text/javascript">
<!--
function flip(e) {
  current = e.style.display;
  if (current == 'block') {
    e.style.display = 'none';
    return 0;
  }
  else {
    e.style.display = 'block';
    return 1;
  }
}

function toggleBox(szDivId, elem, msg1, msg2)
{
  var res = -1;  if (document.getElementById) {
    res = flip(document.getElementById(szDivId));
  }
  else if (document.all) {
    // this is the way old msie versions work
    res = flip(document.all[szDivId]);
  }
  if(elem) {
    if(res == 0) elem.innerHTML = msg1; else elem.innerHTML = msg2;
  }

}

function toggleAllBoxes() {
  if (document.getElementsByTagName) {
    d = document.getElementsByTagName('div');
    for (i = 0; i < d.length; i++) {
      if (d[i].className == 'log') {
        flip(d[i]);
      }
    }
  }
}

// -->
</script>

</head>
<body>
<h2 align='center'>Surefire test</h2><table border='1' align="center">
<tr>
<td>Tests passed/Failed/Skipped:</td><td>16/3/0</td>
</tr><tr>
<td>Started on:</td><td>Thu Aug 11 16:02:33 EET 2022</td>
</tr>
<tr><td>Total time:</td><td>91 seconds (91671 ms)</td>
</tr><tr>
<td>Included groups:</td><td></td>
</tr><tr>
<td>Excluded groups:</td><td></td>
</tr>
</table><p/>
<small><i>(Hover the method name to see the test class name)</i></small><p/>
<table width='100%' border='1' class='invocation-failed'>
<tr><td colspan='4' align='center'><b>FAILED TESTS</b></td></tr>
<tr><td><b>Test method</b></td>
<td width="30%"><b>Exception</b></td>
<td width="10%"><b>Time (seconds)</b></td>
<td><b>Instance</b></td>
</tr>
<tr>
<td title='org.example.testRunner.runner.runScenario()'><b>runScenario</b><br>Test class: org.example.testRunner.runner<br>Test method: Runs Cucumber Scenarios<br>Parameters: "second slider is clickable on home page", "user clicks on sliders"</td>
<td><div><pre>org.openqa.selenium.NoSuchSessionException: Session ID is null. Using WebDriver after calling quit()?
Build info: version: &apos;4.3.0&apos;, revision: &apos;a4995e2c09*&apos;
System info: host: &apos;DESKTOP-515QAJ5&apos;, ip: &apos;192.168.1.20&apos;, os.name: &apos;Windows 10&apos;, os.arch: &apos;amd64&apos;, os.version: &apos;10.0&apos;, java.version: &apos;1.8.0_333&apos;
Driver info: org.openqa.selenium.chrome.ChromeDriver
Command: [null, findElement {using=css selector, value=img[src=&quot;https://demo.nopcommerce.com/images/thumbs/0000080_banner_2.jpg&quot;]}]
Capabilities {acceptInsecureCerts: false, browserName: chrome, browserVersion: 104.0.5112.81, chrome: {chromedriverVersion: 103.0.5060.53 (a1711811edd7..., userDataDir: C:\Users\MOHAME~1\AppData\L...}, goog:chromeOptions: {debuggerAddress: localhost:58165}, networkConnectionEnabled: false, pageLoadStrategy: normal, platformName: WINDOWS, proxy: Proxy(), se:cdp: ws://localhost:58165/devtoo..., se:cdpVersion: 104.0.5112.81, setWindowRect: true, strictFileInteractability: false, timeouts: {implicit: 0, pageLoad: 300000, script: 30000}, unhandledPromptBehavior: dismiss and notify, webauthn:extension:credBlob: true, webauthn:extension:largeBlob: true, webauthn:virtualAuthenticators: true}
	at org.openqa.selenium.remote.HttpCommandExecutor.execute(HttpCommandExecutor.java:145)
	at org.openqa.selenium.remote.service.DriverCommandExecutor.invokeExecute(DriverCommandExecutor.java:167)
	at org.openqa.selenium.remote.service.DriverCommandExecutor.execute(DriverCommandExecutor.java:142)
	at org.openqa.selenium.remote.RemoteWebDriver.execute(RemoteWebDriver.java:569)
	at org.openqa.selenium.remote.ElementLocation$ElementFinder$2.findElement(ElementLocation.java:162)
	at org.openqa.selenium.remote.ElementLocation.findElement(ElementLocation.java:60)
	at org.openqa.selenium.remote.RemoteWebDriver.findElement(RemoteWebDriver.java:387)
	at org.openqa.selenium.remote.RemoteWebDriver.findElement(RemoteWebDriver.java:379)
	at org.openqa.selenium.support.pagefactory.DefaultElementLocator.findElement(DefaultElementLocator.java:70)
	at org.openqa.selenium.support.pagefactory.internal.LocatingElementHandler.invoke(LocatingElementHandler.java:39)
	at com.sun.proxy.$Proxy25.click(Unknown Source)
	at org.example.stepDefs.D06_homeSlidersStepDef.userClicksOnIPhoneSlider(D06_homeSlidersStepDef.java:24)
	at ?.user clicks on iPhone slider(file:///D:/Course/demonopcommerce/src/main/resources/features/F06_homeSliders.feature:8)
</pre></div><a href='#' onClick='toggleBox("stack-trace1241976048", this, "Click to show all stack frames", "Click to hide stack frames")'>Click to show all stack frames</a>
<div class='stack-trace' id='stack-trace1241976048'><pre>org.openqa.selenium.NoSuchSessionException: Session ID is null. Using WebDriver after calling quit()?
Build info: version: &apos;4.3.0&apos;, revision: &apos;a4995e2c09*&apos;
System info: host: &apos;DESKTOP-515QAJ5&apos;, ip: &apos;192.168.1.20&apos;, os.name: &apos;Windows 10&apos;, os.arch: &apos;amd64&apos;, os.version: &apos;10.0&apos;, java.version: &apos;1.8.0_333&apos;
Driver info: org.openqa.selenium.chrome.ChromeDriver
Command: [null, findElement {using=css selector, value=img[src=&quot;https://demo.nopcommerce.com/images/thumbs/0000080_banner_2.jpg&quot;]}]
Capabilities {acceptInsecureCerts: false, browserName: chrome, browserVersion: 104.0.5112.81, chrome: {chromedriverVersion: 103.0.5060.53 (a1711811edd7..., userDataDir: C:\Users\MOHAME~1\AppData\L...}, goog:chromeOptions: {debuggerAddress: localhost:58165}, networkConnectionEnabled: false, pageLoadStrategy: normal, platformName: WINDOWS, proxy: Proxy(), se:cdp: ws://localhost:58165/devtoo..., se:cdpVersion: 104.0.5112.81, setWindowRect: true, strictFileInteractability: false, timeouts: {implicit: 0, pageLoad: 300000, script: 30000}, unhandledPromptBehavior: dismiss and notify, webauthn:extension:credBlob: true, webauthn:extension:largeBlob: true, webauthn:virtualAuthenticators: true}
	at org.openqa.selenium.remote.HttpCommandExecutor.execute(HttpCommandExecutor.java:145)
	at org.openqa.selenium.remote.service.DriverCommandExecutor.invokeExecute(DriverCommandExecutor.java:167)
	at org.openqa.selenium.remote.service.DriverCommandExecutor.execute(DriverCommandExecutor.java:142)
	at org.openqa.selenium.remote.RemoteWebDriver.execute(RemoteWebDriver.java:569)
	at org.openqa.selenium.remote.ElementLocation$ElementFinder$2.findElement(ElementLocation.java:162)
	at org.openqa.selenium.remote.ElementLocation.findElement(ElementLocation.java:60)
	at org.openqa.selenium.remote.RemoteWebDriver.findElement(RemoteWebDriver.java:387)
	at org.openqa.selenium.remote.RemoteWebDriver.findElement(RemoteWebDriver.java:379)
	at org.openqa.selenium.support.pagefactory.DefaultElementLocator.findElement(DefaultElementLocator.java:70)
	at org.openqa.selenium.support.pagefactory.internal.LocatingElementHandler.invoke(LocatingElementHandler.java:39)
	at com.sun.proxy.$Proxy25.click(Unknown Source)
	at org.example.stepDefs.D06_homeSlidersStepDef.userClicksOnIPhoneSlider(D06_homeSlidersStepDef.java:24)
	at ?.user clicks on iPhone slider(file:///D:/Course/demonopcommerce/src/main/resources/features/F06_homeSliders.feature:8)
</pre></div></td>
<td>2</td>
<td>org.example.testRunner.runner@42f93a98</td></tr>
<tr>
<td title='org.example.testRunner.runner.runScenario()'><b>runScenario</b><br>Test class: org.example.testRunner.runner<br>Test method: Runs Cucumber Scenarios<br>Parameters: "user opens rss link", "F07_followUs | users could open followUs links"</td>
<td><div><pre>java.lang.IndexOutOfBoundsException: Index: 1, Size: 1
	at java.util.ArrayList.rangeCheck(ArrayList.java:659)
	at java.util.ArrayList.get(ArrayList.java:435)
	at org.example.stepDefs.D07_followUsStepDef.isOpenedInNewTab(D07_followUsStepDef.java:24)
	at ?.&quot;https://demo.nopcommerce.com/new-online-store-is-open&quot; is opened in new tab(file:///D:/Course/demonopcommerce/src/main/resources/features/F07_followUs.feature:14)
</pre></div><a href='#' onClick='toggleBox("stack-trace1663271865", this, "Click to show all stack frames", "Click to hide stack frames")'>Click to show all stack frames</a>
<div class='stack-trace' id='stack-trace1663271865'><pre>java.lang.IndexOutOfBoundsException: Index: 1, Size: 1
	at java.util.ArrayList.rangeCheck(ArrayList.java:659)
	at java.util.ArrayList.get(ArrayList.java:435)
	at org.example.stepDefs.D07_followUsStepDef.isOpenedInNewTab(D07_followUsStepDef.java:24)
	at ?.&quot;https://demo.nopcommerce.com/new-online-store-is-open&quot; is opened in new tab(file:///D:/Course/demonopcommerce/src/main/resources/features/F07_followUs.feature:14)
</pre></div></td>
<td>3</td>
<td>org.example.testRunner.runner@42f93a98</td></tr>
<tr>
<td title='org.example.testRunner.runner.runScenario()'><b>runScenario</b><br>Test class: org.example.testRunner.runner<br>Test method: Runs Cucumber Scenarios<br>Parameters: "first slider is clickable on home page", "user clicks on sliders"</td>
<td><div><pre>org.openqa.selenium.NoSuchSessionException: Session ID is null. Using WebDriver after calling quit()?
Build info: version: &apos;4.3.0&apos;, revision: &apos;a4995e2c09*&apos;
System info: host: &apos;DESKTOP-515QAJ5&apos;, ip: &apos;192.168.1.20&apos;, os.name: &apos;Windows 10&apos;, os.arch: &apos;amd64&apos;, os.version: &apos;10.0&apos;, java.version: &apos;1.8.0_333&apos;
Driver info: org.openqa.selenium.chrome.ChromeDriver
Command: [null, findElement {using=css selector, value=img[src=&quot;https://demo.nopcommerce.com/images/thumbs/0000079_banner_1.jpg&quot;]}]
Capabilities {acceptInsecureCerts: false, browserName: chrome, browserVersion: 104.0.5112.81, chrome: {chromedriverVersion: 103.0.5060.53 (a1711811edd7..., userDataDir: C:\Users\MOHAME~1\AppData\L...}, goog:chromeOptions: {debuggerAddress: localhost:58165}, networkConnectionEnabled: false, pageLoadStrategy: normal, platformName: WINDOWS, proxy: Proxy(), se:cdp: ws://localhost:58165/devtoo..., se:cdpVersion: 104.0.5112.81, setWindowRect: true, strictFileInteractability: false, timeouts: {implicit: 0, pageLoad: 300000, script: 30000}, unhandledPromptBehavior: dismiss and notify, webauthn:extension:credBlob: true, webauthn:extension:largeBlob: true, webauthn:virtualAuthenticators: true}
	at org.openqa.selenium.remote.HttpCommandExecutor.execute(HttpCommandExecutor.java:145)
	at org.openqa.selenium.remote.service.DriverCommandExecutor.invokeExecute(DriverCommandExecutor.java:167)
	at org.openqa.selenium.remote.service.DriverCommandExecutor.execute(DriverCommandExecutor.java:142)
	at org.openqa.selenium.remote.RemoteWebDriver.execute(RemoteWebDriver.java:569)
	at org.openqa.selenium.remote.ElementLocation$ElementFinder$2.findElement(ElementLocation.java:162)
	at org.openqa.selenium.remote.ElementLocation.findElement(ElementLocation.java:60)
	at org.openqa.selenium.remote.RemoteWebDriver.findElement(RemoteWebDriver.java:387)
	at org.openqa.selenium.remote.RemoteWebDriver.findElement(RemoteWebDriver.java:379)
	at org.openqa.selenium.support.pagefactory.DefaultElementLocator.findElement(DefaultElementLocator.java:70)
	at org.openqa.selenium.support.pagefactory.internal.LocatingElementHandler.invoke(LocatingElementHandler.java:39)
	at com.sun.proxy.$Proxy25.click(Unknown Source)
	at org.example.stepDefs.D06_homeSlidersStepDef.userClicksOnNokiaSlider(D06_homeSlidersStepDef.java:14)
	at ?.user clicks on Nokia slider(file:///D:/Course/demonopcommerce/src/main/resources/features/F06_homeSliders.feature:4)
</pre></div><a href='#' onClick='toggleBox("stack-trace1911008699", this, "Click to show all stack frames", "Click to hide stack frames")'>Click to show all stack frames</a>
<div class='stack-trace' id='stack-trace1911008699'><pre>org.openqa.selenium.NoSuchSessionException: Session ID is null. Using WebDriver after calling quit()?
Build info: version: &apos;4.3.0&apos;, revision: &apos;a4995e2c09*&apos;
System info: host: &apos;DESKTOP-515QAJ5&apos;, ip: &apos;192.168.1.20&apos;, os.name: &apos;Windows 10&apos;, os.arch: &apos;amd64&apos;, os.version: &apos;10.0&apos;, java.version: &apos;1.8.0_333&apos;
Driver info: org.openqa.selenium.chrome.ChromeDriver
Command: [null, findElement {using=css selector, value=img[src=&quot;https://demo.nopcommerce.com/images/thumbs/0000079_banner_1.jpg&quot;]}]
Capabilities {acceptInsecureCerts: false, browserName: chrome, browserVersion: 104.0.5112.81, chrome: {chromedriverVersion: 103.0.5060.53 (a1711811edd7..., userDataDir: C:\Users\MOHAME~1\AppData\L...}, goog:chromeOptions: {debuggerAddress: localhost:58165}, networkConnectionEnabled: false, pageLoadStrategy: normal, platformName: WINDOWS, proxy: Proxy(), se:cdp: ws://localhost:58165/devtoo..., se:cdpVersion: 104.0.5112.81, setWindowRect: true, strictFileInteractability: false, timeouts: {implicit: 0, pageLoad: 300000, script: 30000}, unhandledPromptBehavior: dismiss and notify, webauthn:extension:credBlob: true, webauthn:extension:largeBlob: true, webauthn:virtualAuthenticators: true}
	at org.openqa.selenium.remote.HttpCommandExecutor.execute(HttpCommandExecutor.java:145)
	at org.openqa.selenium.remote.service.DriverCommandExecutor.invokeExecute(DriverCommandExecutor.java:167)
	at org.openqa.selenium.remote.service.DriverCommandExecutor.execute(DriverCommandExecutor.java:142)
	at org.openqa.selenium.remote.RemoteWebDriver.execute(RemoteWebDriver.java:569)
	at org.openqa.selenium.remote.ElementLocation$ElementFinder$2.findElement(ElementLocation.java:162)
	at org.openqa.selenium.remote.ElementLocation.findElement(ElementLocation.java:60)
	at org.openqa.selenium.remote.RemoteWebDriver.findElement(RemoteWebDriver.java:387)
	at org.openqa.selenium.remote.RemoteWebDriver.findElement(RemoteWebDriver.java:379)
	at org.openqa.selenium.support.pagefactory.DefaultElementLocator.findElement(DefaultElementLocator.java:70)
	at org.openqa.selenium.support.pagefactory.internal.LocatingElementHandler.invoke(LocatingElementHandler.java:39)
	at com.sun.proxy.$Proxy25.click(Unknown Source)
	at org.example.stepDefs.D06_homeSlidersStepDef.userClicksOnNokiaSlider(D06_homeSlidersStepDef.java:14)
	at ?.user clicks on Nokia slider(file:///D:/Course/demonopcommerce/src/main/resources/features/F06_homeSliders.feature:4)
</pre></div></td>
<td>2</td>
<td>org.example.testRunner.runner@42f93a98</td></tr>
</table><p>
<table width='100%' border='1' class='invocation-passed'>
<tr><td colspan='4' align='center'><b>PASSED TESTS</b></td></tr>
<tr><td><b>Test method</b></td>
<td width="30%"><b>Exception</b></td>
<td width="10%"><b>Time (seconds)</b></td>
<td><b>Instance</b></td>
</tr>
<tr>
<td title='org.example.testRunner.runner.runScenario()'><b>runScenario</b><br>Test class: org.example.testRunner.runner<br>Test method: Runs Cucumber Scenarios<br>Parameters: "user changes currency to EUR", "F03_currencies | user can change currency"</td>
<td></td>
<td>4</td>
<td>org.example.testRunner.runner@42f93a98</td></tr>
<tr>
<td title='org.example.testRunner.runner.runScenario()'><b>runScenario</b><br>Test class: org.example.testRunner.runner<br>Test method: Runs Cucumber Scenarios<br>Parameters: "user could search using sku", "F04_Search"</td>
<td></td>
<td>5</td>
<td>org.example.testRunner.runner@42f93a98</td></tr>
<tr>
<td title='org.example.testRunner.runner.runScenario()'><b>runScenario</b><br>Test class: org.example.testRunner.runner<br>Test method: Runs Cucumber Scenarios<br>Parameters: "user could login with invalid email and password", "F02_Login | users could use login functionality to use their accounts"</td>
<td></td>
<td>4</td>
<td>org.example.testRunner.runner@42f93a98</td></tr>
<tr>
<td title='org.example.testRunner.runner.runScenario()'><b>runScenario</b><br>Test class: org.example.testRunner.runner<br>Test method: Runs Cucumber Scenarios<br>Parameters: "user could login with valid email and password", "F02_Login | users could use login functionality to use their accounts"</td>
<td></td>
<td>4</td>
<td>org.example.testRunner.runner@42f93a98</td></tr>
<tr>
<td title='org.example.testRunner.runner.runScenario()'><b>runScenario</b><br>Test class: org.example.testRunner.runner<br>Test method: Runs Cucumber Scenarios<br>Parameters: "user could search using product name", "F04_Search"</td>
<td></td>
<td>3</td>
<td>org.example.testRunner.runner@42f93a98</td></tr>
<tr>
<td title='org.example.testRunner.runner.runScenario()'><b>runScenario</b><br>Test class: org.example.testRunner.runner<br>Test method: Runs Cucumber Scenarios<br>Parameters: "user opens facebook link", "F07_followUs | users could open followUs links"</td>
<td></td>
<td>4</td>
<td>org.example.testRunner.runner@42f93a98</td></tr>
<tr>
<td title='org.example.testRunner.runner.runScenario()'><b>runScenario</b><br>Test class: org.example.testRunner.runner<br>Test method: Runs Cucumber Scenarios<br>Parameters: "user hovers and selects subcategory", "hovering and selecting items on home page"</td>
<td></td>
<td>4</td>
<td>org.example.testRunner.runner@42f93a98</td></tr>
<tr>
<td title='org.example.testRunner.runner.runScenario()'><b>runScenario</b><br>Test class: org.example.testRunner.runner<br>Test method: Runs Cucumber Scenarios<br>Parameters: "user opens youtube link", "F07_followUs | users could open followUs links"</td>
<td></td>
<td>6</td>
<td>org.example.testRunner.runner@42f93a98</td></tr>
<tr>
<td title='org.example.testRunner.runner.runScenario()'><b>runScenario</b><br>Test class: org.example.testRunner.runner<br>Test method: Runs Cucumber Scenarios<br>Parameters: "Adding item to wishlist and checking its quantity", "F08_Wishlist | Checking wishlist feature"</td>
<td></td>
<td>8</td>
<td>org.example.testRunner.runner@42f93a98</td></tr>
<tr>
<td title='org.example.testRunner.runner.runScenario()'><b>runScenario</b><br>Test class: org.example.testRunner.runner<br>Test method: Runs Cucumber Scenarios<br>Parameters: "user could search using product name", "F04_Search"</td>
<td></td>
<td>3</td>
<td>org.example.testRunner.runner@42f93a98</td></tr>
<tr>
<td title='org.example.testRunner.runner.runScenario()'><b>runScenario</b><br>Test class: org.example.testRunner.runner<br>Test method: Runs Cucumber Scenarios<br>Parameters: "Adding an item to wishlist from homepage", "F08_Wishlist | Checking wishlist feature"</td>
<td></td>
<td>3</td>
<td>org.example.testRunner.runner@42f93a98</td></tr>
<tr>
<td title='org.example.testRunner.runner.runScenario()'><b>runScenario</b><br>Test class: org.example.testRunner.runner<br>Test method: Runs Cucumber Scenarios<br>Parameters: "guest user could register with valid data successfully", "F01_Register | users could register with new accounts"</td>
<td></td>
<td>8</td>
<td>org.example.testRunner.runner@42f93a98</td></tr>
<tr>
<td title='org.example.testRunner.runner.runScenario()'><b>runScenario</b><br>Test class: org.example.testRunner.runner<br>Test method: Runs Cucumber Scenarios<br>Parameters: "user could search using sku", "F04_Search"</td>
<td></td>
<td>5</td>
<td>org.example.testRunner.runner@42f93a98</td></tr>
<tr>
<td title='org.example.testRunner.runner.runScenario()'><b>runScenario</b><br>Test class: org.example.testRunner.runner<br>Test method: Runs Cucumber Scenarios<br>Parameters: "user could search using sku", "F04_Search"</td>
<td></td>
<td>5</td>
<td>org.example.testRunner.runner@42f93a98</td></tr>
<tr>
<td title='org.example.testRunner.runner.runScenario()'><b>runScenario</b><br>Test class: org.example.testRunner.runner<br>Test method: Runs Cucumber Scenarios<br>Parameters: "user could search using product name", "F04_Search"</td>
<td></td>
<td>3</td>
<td>org.example.testRunner.runner@42f93a98</td></tr>
<tr>
<td title='org.example.testRunner.runner.runScenario()'><b>runScenario</b><br>Test class: org.example.testRunner.runner<br>Test method: Runs Cucumber Scenarios<br>Parameters: "user opens twitter link", "F07_followUs | users could open followUs links"</td>
<td></td>
<td>4</td>
<td>org.example.testRunner.runner@42f93a98</td></tr>
</table><p>
</body>
</html>